Determining if the pthread_create exist failed with the following output:
Change Dir: /home/user/catkin_ws/src/build/CMakeFiles/CMakeTmp

Run Build Command:"/usr/bin/make" "cmTC_47f73/fast"
/usr/bin/make -f CMakeFiles/cmTC_47f73.dir/build.make CMakeFiles/cmTC_47f73.dir/build
make[1] : on entre dans le répertoire « /home/user/catkin_ws/src/build/CMakeFiles/CMakeTmp »
Building C object CMakeFiles/cmTC_47f73.dir/CheckSymbolExists.c.o
/usr/bin/gcc    -o CMakeFiles/cmTC_47f73.dir/CheckSymbolExists.c.o   -c /home/user/catkin_ws/src/build/CMakeFiles/CMakeTmp/CheckSymbolExists.c
Linking C executable cmTC_47f73
/usr/bin/cmake -E cmake_link_script CMakeFiles/cmTC_47f73.dir/link.txt --verbose=1
/usr/bin/gcc      -rdynamic CMakeFiles/cmTC_47f73.dir/CheckSymbolExists.c.o  -o cmTC_47f73 
/usr/bin/ld: CMakeFiles/cmTC_47f73.dir/CheckSymbolExists.c.o: in function `main':
CheckSymbolExists.c:(.text+0x1b): undefined reference to `pthread_create'
collect2: error: ld returned 1 exit status
make[1]: *** [CMakeFiles/cmTC_47f73.dir/build.make:87: cmTC_47f73] Error 1
make[1] : on quitte le répertoire « /home/user/catkin_ws/src/build/CMakeFiles/CMakeTmp »
make: *** [Makefile:121: cmTC_47f73/fast] Error 2

File /home/user/catkin_ws/src/build/CMakeFiles/CMakeTmp/CheckSymbolExists.c:
/* */
#include <pthread.h>

int main(int argc, char** argv)
{
  (void)argv;
#ifndef pthread_create
  return ((int*)(&pthread_create))[argc];
#else
  (void)argc;
  return 0;
#endif
}

Determining if the function pthread_create exists in the pthreads failed with the following output:
Change Dir: /home/user/catkin_ws/src/build/CMakeFiles/CMakeTmp

Run Build Command:"/usr/bin/make" "cmTC_d2563/fast"
/usr/bin/make -f CMakeFiles/cmTC_d2563.dir/build.make CMakeFiles/cmTC_d2563.dir/build
make[1] : on entre dans le répertoire « /home/user/catkin_ws/src/build/CMakeFiles/CMakeTmp »
Building C object CMakeFiles/cmTC_d2563.dir/CheckFunctionExists.c.o
/usr/bin/gcc   -DCHECK_FUNCTION_EXISTS=pthread_create   -o CMakeFiles/cmTC_d2563.dir/CheckFunctionExists.c.o   -c /usr/share/cmake-3.13/Modules/CheckFunctionExists.c
Linking C executable cmTC_d2563
/usr/bin/cmake -E cmake_link_script CMakeFiles/cmTC_d2563.dir/link.txt --verbose=1
/usr/bin/gcc  -DCHECK_FUNCTION_EXISTS=pthread_create    -rdynamic CMakeFiles/cmTC_d2563.dir/CheckFunctionExists.c.o  -o cmTC_d2563 -lpthreads 
/usr/bin/ld : ne peut trouver -lpthreads
collect2: error: ld returned 1 exit status
make[1]: *** [CMakeFiles/cmTC_d2563.dir/build.make:87: cmTC_d2563] Error 1
make[1] : on quitte le répertoire « /home/user/catkin_ws/src/build/CMakeFiles/CMakeTmp »
make: *** [Makefile:121: cmTC_d2563/fast] Error 2


